Base path: /Applications/Unity/Hub/Editor/2018.2.12f1/Unity.app/Contents
Cmd: initializeCompiler
Cmd: compileComputeKernel
  api=14 insize=2134 outsize=2149 ok=1
Cmd: translateComputeKernel
  api=14 insize=2149 outsize=3977 ok=1
Cmd: compileComputeKernel
  api=14 insize=2863 outsize=48553 ok=1
Cmd: translateComputeKernel
  api=14 insize=48553 outsize=85569 ok=1
Cmd: compileComputeKernel
  api=14 insize=11176 outsize=11297 ok=1
Cmd: translateComputeKernel
  api=14 insize=10553 outsize=18421 ok=1
Cmd: compileComputeKernel
  api=14 insize=5022 outsize=5141 ok=1
Cmd: translateComputeKernel
  api=14 insize=10793 outsize=17681 ok=1
Cmd: translateComputeKernel
  api=14 insize=6465 outsize=1317 ok=1
Cmd: compileComputeKernel
  api=14 insize=3532 outsize=3349 ok=1
Cmd: translateComputeKernel
  api=14 insize=3249 outsize=5253 ok=1
Cmd: compileComputeKernel
  api=14 insize=3182 outsize=8185 ok=1
Cmd: translateComputeKernel
  api=14 insize=7897 outsize=5301 ok=1
Cmd: compileComputeKernel
  api=14 insize=18731 outsize=9637 ok=1
Cmd: compileComputeKernel
  api=14 insize=18731 outsize=11321 ok=1
Cmd: translateComputeKernel
  api=14 insize=9533 outsize=16317 ok=1
Cmd: translateComputeKernel
  api=14 insize=11321 outsize=24577 ok=1
Cmd: compileComputeKernel
  api=14 insize=1864 outsize=1145 ok=1
Cmd: translateComputeKernel
  api=14 insize=7457 outsize=3561 ok=1
Cmd: translateComputeKernel
  api=14 insize=1509 outsize=2273 ok=1
Cmd: initializeCompiler
Cmd: initializeCompiler
Cmd: initializeCompiler
Cmd: initializeCompiler
Cmd: initializeCompiler
Cmd: initializeCompiler
Cmd: initializeCompiler
Cmd: initializeCompiler
Cmd: initializeCompiler
Cmd: initializeCompiler
Cmd: initializeCompiler
Cmd: initializeCompiler
Cmd: initializeCompiler
Cmd: initializeCompiler
Cmd: initializeCompiler
Cmd: initializeCompiler
Cmd: initializeCompiler
Cmd: initializeCompiler
Cmd: initializeCompiler
Cmd: initializeCompiler
Cmd: initializeCompiler
Cmd: initializeCompiler
Cmd: initializeCompiler
Cmd: initializeCompiler
Cmd: initializeCompiler
Cmd: initializeCompiler
Cmd: initializeCompiler
Cmd: initializeCompiler
Cmd: initializeCompiler
Cmd: initializeCompiler
Cmd: initializeCompiler
Cmd: initializeCompiler

Quitting shader compiler process
